
> @robin/ipc@0.1.0 build
> tsup

[34mCLI[39m Building entry: {"index":"src/index.ts","main/index":"src/main/index.ts","renderer/index":"src/renderer/index.ts"}
[34mCLI[39m Using tsconfig: tsconfig.json
[34mCLI[39m tsup v8.5.0
[34mCLI[39m Using tsup config: C:\Users\Ayush Goel\Desktop\robin-assistant\packages\ipc\tsup.config.ts
[34mCLI[39m Target: es2022
[34mCLI[39m Cleaning output folder
[34mCJS[39m Build start
[34mESM[39m Build start
[32mCJS[39m [1mdist\index.js              [22m[32m4.82 KB[39m
[32mCJS[39m [1mdist\renderer\index.js     [22m[32m3.74 KB[39m
[32mCJS[39m [1mdist\main\index.js         [22m[32m2.94 KB[39m
[32mCJS[39m [1mdist\renderer\index.js.map [22m[32m5.74 KB[39m
[32mCJS[39m [1mdist\index.js.map          [22m[32m9.34 KB[39m
[32mCJS[39m [1mdist\main\index.js.map     [22m[32m3.84 KB[39m
[32mCJS[39m ⚡️ Build success in 19ms
[32mESM[39m [1mdist\index.mjs              [22m[32m3.00 KB[39m
[32mESM[39m [1mdist\renderer\index.mjs     [22m[32m2.63 KB[39m
[32mESM[39m [1mdist\main\index.mjs         [22m[32m1.87 KB[39m
[32mESM[39m [1mdist\index.mjs.map          [22m[32m9.02 KB[39m
[32mESM[39m [1mdist\main\index.mjs.map     [22m[32m3.78 KB[39m
[32mESM[39m [1mdist\renderer\index.mjs.map [22m[32m5.68 KB[39m
[32mESM[39m ⚡️ Build success in 19ms
[34mDTS[39m Build start
[32mDTS[39m ⚡️ Build success in 2672ms
[32mDTS[39m [1mdist\main\index.d.ts      [22m[32m946.00 B[39m
[32mDTS[39m [1mdist\renderer\index.d.ts  [22m[32m1.65 KB[39m
[32mDTS[39m [1mdist\index.d.ts           [22m[32m13.31 KB[39m
[32mDTS[39m [1mdist\main\index.d.mts     [22m[32m947.00 B[39m
[32mDTS[39m [1mdist\renderer\index.d.mts [22m[32m1.65 KB[39m
[32mDTS[39m [1mdist\index.d.mts          [22m[32m13.31 KB[39m
